<?xml version="1.0" encoding="UTF-8"?><testsuite errors="1" failures="0" name="Product Store" skipped="0" tests="1" time="0.39" timestamp="2023-03-10 08:53:04"><testcase name="Registrarse en la pagina"><error type="java.lang.NullPointerException"/><system-err>null&#13;
com.google.common.base.Preconditions.checkNotNull(Preconditions.java:882)&#13;
Store.stepdefinitions.LoginStepDefinitions.queElUsuarioQuiereHacerLoginEnLaPagina(RegistrarseStepDefinitions.java:19)&#13;
✽.que el usuario quiere hacer login en la pagina(src/test/resources/features/compra.feature:10)&#13;
</system-err></testcase></testsuite>